2019-07-23 15:02:07,986 INFO 31629 [Timer] /Users/mac/Desktop/blog-web/node_modules/egg-multipart/app/schedule/clean_tmpdir.js next time will execute after 48472018ms at 2019-07-24 04:30:00.004
2019-07-23 15:02:07,986 INFO 31629 [Timer] /Users/mac/Desktop/blog-web/node_modules/egg-logrotator/app/schedule/clean_log.js next time will execute after 32272014ms at 2019-07-24 00:00:00.000
2019-07-23 15:02:07,987 INFO 31629 [Timer] /Users/mac/Desktop/blog-web/node_modules/egg-logrotator/app/schedule/rotate_by_file.js next time will execute after 32273014ms at 2019-07-24 00:00:01.001
2019-07-23 15:02:07,823 INFO 31630 [egg-schedule]: register schedule /Users/mac/Desktop/blog-web/node_modules/egg-multipart/app/schedule/clean_tmpdir.js
2019-07-23 15:02:07,823 INFO 31630 [egg-schedule]: register schedule /Users/mac/Desktop/blog-web/node_modules/egg-logrotator/app/schedule/clean_log.js
2019-07-23 15:02:07,823 INFO 31630 [egg-schedule]: register schedule /Users/mac/Desktop/blog-web/node_modules/egg-logrotator/app/schedule/rotate_by_file.js
2019-07-23 15:20:53,468 INFO 31861 [egg-schedule]: register schedule /Users/mac/Desktop/blog-web/node_modules/egg-multipart/app/schedule/clean_tmpdir.js
2019-07-23 15:20:53,468 INFO 31861 [egg-schedule]: register schedule /Users/mac/Desktop/blog-web/node_modules/egg-logrotator/app/schedule/clean_log.js
2019-07-23 15:20:53,468 INFO 31861 [egg-schedule]: register schedule /Users/mac/Desktop/blog-web/node_modules/egg-logrotator/app/schedule/rotate_by_file.js
2019-07-23 15:20:54,621 INFO 31863 [egg-schedule]: register schedule /Users/mac/Desktop/blog-web/node_modules/egg-multipart/app/schedule/clean_tmpdir.js
2019-07-23 15:20:54,621 INFO 31863 [egg-schedule]: register schedule /Users/mac/Desktop/blog-web/node_modules/egg-logrotator/app/schedule/clean_log.js
2019-07-23 15:20:54,621 INFO 31863 [egg-schedule]: register schedule /Users/mac/Desktop/blog-web/node_modules/egg-logrotator/app/schedule/rotate_by_file.js
2019-07-23 15:26:33,075 INFO 31932 [egg-schedule]: register schedule /Users/mac/Desktop/blog-web/node_modules/egg-multipart/app/schedule/clean_tmpdir.js
2019-07-23 15:26:33,075 INFO 31932 [egg-schedule]: register schedule /Users/mac/Desktop/blog-web/node_modules/egg-logrotator/app/schedule/clean_log.js
2019-07-23 15:26:33,075 INFO 31932 [egg-schedule]: register schedule /Users/mac/Desktop/blog-web/node_modules/egg-logrotator/app/schedule/rotate_by_file.js
2019-07-23 15:26:53,761 INFO 31934 [egg-schedule]: register schedule /Users/mac/Desktop/blog-web/node_modules/egg-multipart/app/schedule/clean_tmpdir.js
2019-07-23 15:26:53,761 INFO 31934 [egg-schedule]: register schedule /Users/mac/Desktop/blog-web/node_modules/egg-logrotator/app/schedule/clean_log.js
2019-07-23 15:26:53,761 INFO 31934 [egg-schedule]: register schedule /Users/mac/Desktop/blog-web/node_modules/egg-logrotator/app/schedule/rotate_by_file.js
2019-07-23 15:26:55,039 INFO 31936 [egg-schedule]: register schedule /Users/mac/Desktop/blog-web/node_modules/egg-multipart/app/schedule/clean_tmpdir.js
2019-07-23 15:26:55,039 INFO 31936 [egg-schedule]: register schedule /Users/mac/Desktop/blog-web/node_modules/egg-logrotator/app/schedule/clean_log.js
2019-07-23 15:26:55,040 INFO 31936 [egg-schedule]: register schedule /Users/mac/Desktop/blog-web/node_modules/egg-logrotator/app/schedule/rotate_by_file.js
2019-07-23 15:27:59,251 INFO 31944 [egg-schedule]: register schedule /Users/mac/Desktop/blog-web/node_modules/egg-multipart/app/schedule/clean_tmpdir.js
2019-07-23 15:27:59,251 INFO 31944 [egg-schedule]: register schedule /Users/mac/Desktop/blog-web/node_modules/egg-logrotator/app/schedule/clean_log.js
2019-07-23 15:27:59,251 INFO 31944 [egg-schedule]: register schedule /Users/mac/Desktop/blog-web/node_modules/egg-logrotator/app/schedule/rotate_by_file.js
2019-07-23 15:28:03,657 INFO 31953 [egg-schedule]: register schedule /Users/mac/Desktop/blog-web/node_modules/egg-multipart/app/schedule/clean_tmpdir.js
2019-07-23 15:28:03,657 INFO 31953 [egg-schedule]: register schedule /Users/mac/Desktop/blog-web/node_modules/egg-logrotator/app/schedule/clean_log.js
2019-07-23 15:28:03,657 INFO 31953 [egg-schedule]: register schedule /Users/mac/Desktop/blog-web/node_modules/egg-logrotator/app/schedule/rotate_by_file.js
2019-07-23 15:28:08,184 INFO 31956 [egg-schedule]: register schedule /Users/mac/Desktop/blog-web/node_modules/egg-multipart/app/schedule/clean_tmpdir.js
2019-07-23 15:28:08,184 INFO 31956 [egg-schedule]: register schedule /Users/mac/Desktop/blog-web/node_modules/egg-logrotator/app/schedule/clean_log.js
2019-07-23 15:28:08,184 INFO 31956 [egg-schedule]: register schedule /Users/mac/Desktop/blog-web/node_modules/egg-logrotator/app/schedule/rotate_by_file.js
2019-07-23 15:28:09,397 INFO 31958 [egg-schedule]: register schedule /Users/mac/Desktop/blog-web/node_modules/egg-multipart/app/schedule/clean_tmpdir.js
2019-07-23 15:28:09,397 INFO 31958 [egg-schedule]: register schedule /Users/mac/Desktop/blog-web/node_modules/egg-logrotator/app/schedule/clean_log.js
2019-07-23 15:28:09,397 INFO 31958 [egg-schedule]: register schedule /Users/mac/Desktop/blog-web/node_modules/egg-logrotator/app/schedule/rotate_by_file.js
2019-07-23 15:28:18,301 INFO 31960 [egg-schedule]: register schedule /Users/mac/Desktop/blog-web/node_modules/egg-multipart/app/schedule/clean_tmpdir.js
2019-07-23 15:28:18,301 INFO 31960 [egg-schedule]: register schedule /Users/mac/Desktop/blog-web/node_modules/egg-logrotator/app/schedule/clean_log.js
2019-07-23 15:28:18,301 INFO 31960 [egg-schedule]: register schedule /Users/mac/Desktop/blog-web/node_modules/egg-logrotator/app/schedule/rotate_by_file.js
2019-07-23 15:28:34,793 INFO 31961 [egg-schedule]: register schedule /Users/mac/Desktop/blog-web/node_modules/egg-multipart/app/schedule/clean_tmpdir.js
2019-07-23 15:28:34,793 INFO 31961 [egg-schedule]: register schedule /Users/mac/Desktop/blog-web/node_modules/egg-logrotator/app/schedule/clean_log.js
2019-07-23 15:28:34,793 INFO 31961 [egg-schedule]: register schedule /Users/mac/Desktop/blog-web/node_modules/egg-logrotator/app/schedule/rotate_by_file.js
2019-07-23 15:28:36,250 INFO 31963 [egg-schedule]: register schedule /Users/mac/Desktop/blog-web/node_modules/egg-multipart/app/schedule/clean_tmpdir.js
2019-07-23 15:28:36,250 INFO 31963 [egg-schedule]: register schedule /Users/mac/Desktop/blog-web/node_modules/egg-logrotator/app/schedule/clean_log.js
2019-07-23 15:28:36,250 INFO 31963 [egg-schedule]: register schedule /Users/mac/Desktop/blog-web/node_modules/egg-logrotator/app/schedule/rotate_by_file.js
2019-07-23 15:28:45,338 INFO 31964 [egg-schedule]: register schedule /Users/mac/Desktop/blog-web/node_modules/egg-multipart/app/schedule/clean_tmpdir.js
2019-07-23 15:28:45,338 INFO 31964 [egg-schedule]: register schedule /Users/mac/Desktop/blog-web/node_modules/egg-logrotator/app/schedule/clean_log.js
2019-07-23 15:28:45,338 INFO 31964 [egg-schedule]: register schedule /Users/mac/Desktop/blog-web/node_modules/egg-logrotator/app/schedule/rotate_by_file.js
2019-07-23 15:29:41,696 INFO 31975 [egg-schedule]: register schedule /Users/mac/Desktop/blog-web/node_modules/egg-multipart/app/schedule/clean_tmpdir.js
2019-07-23 15:29:41,696 INFO 31975 [egg-schedule]: register schedule /Users/mac/Desktop/blog-web/node_modules/egg-logrotator/app/schedule/clean_log.js
2019-07-23 15:29:41,696 INFO 31975 [egg-schedule]: register schedule /Users/mac/Desktop/blog-web/node_modules/egg-logrotator/app/schedule/rotate_by_file.js
2019-07-23 15:29:43,046 INFO 31976 [egg-schedule]: register schedule /Users/mac/Desktop/blog-web/node_modules/egg-multipart/app/schedule/clean_tmpdir.js
2019-07-23 15:29:43,046 INFO 31976 [egg-schedule]: register schedule /Users/mac/Desktop/blog-web/node_modules/egg-logrotator/app/schedule/clean_log.js
2019-07-23 15:29:43,046 INFO 31976 [egg-schedule]: register schedule /Users/mac/Desktop/blog-web/node_modules/egg-logrotator/app/schedule/rotate_by_file.js
2019-07-23 15:29:45,223 INFO 31977 [egg-schedule]: register schedule /Users/mac/Desktop/blog-web/node_modules/egg-multipart/app/schedule/clean_tmpdir.js
2019-07-23 15:29:45,223 INFO 31977 [egg-schedule]: register schedule /Users/mac/Desktop/blog-web/node_modules/egg-logrotator/app/schedule/clean_log.js
2019-07-23 15:29:45,223 INFO 31977 [egg-schedule]: register schedule /Users/mac/Desktop/blog-web/node_modules/egg-logrotator/app/schedule/rotate_by_file.js
2019-07-23 15:29:46,697 INFO 31979 [egg-schedule]: register schedule /Users/mac/Desktop/blog-web/node_modules/egg-multipart/app/schedule/clean_tmpdir.js
2019-07-23 15:29:46,697 INFO 31979 [egg-schedule]: register schedule /Users/mac/Desktop/blog-web/node_modules/egg-logrotator/app/schedule/clean_log.js
2019-07-23 15:29:46,697 INFO 31979 [egg-schedule]: register schedule /Users/mac/Desktop/blog-web/node_modules/egg-logrotator/app/schedule/rotate_by_file.js
2019-07-23 15:40:34,897 INFO 32121 [egg-schedule]: register schedule /Users/mac/Desktop/blog-web/node_modules/egg-multipart/app/schedule/clean_tmpdir.js
2019-07-23 15:40:34,897 INFO 32121 [egg-schedule]: register schedule /Users/mac/Desktop/blog-web/node_modules/egg-logrotator/app/schedule/clean_log.js
2019-07-23 15:40:34,897 INFO 32121 [egg-schedule]: register schedule /Users/mac/Desktop/blog-web/node_modules/egg-logrotator/app/schedule/rotate_by_file.js
2019-07-23 15:40:35,206 INFO 32120 [Timer] /Users/mac/Desktop/blog-web/node_modules/egg-multipart/app/schedule/clean_tmpdir.js next time will execute after 46164798ms at 2019-07-24 04:30:00.004
2019-07-23 15:40:35,207 INFO 32120 [Timer] /Users/mac/Desktop/blog-web/node_modules/egg-logrotator/app/schedule/clean_log.js next time will execute after 29964793ms at 2019-07-24 00:00:00.000
2019-07-23 15:40:35,208 INFO 32120 [Timer] /Users/mac/Desktop/blog-web/node_modules/egg-logrotator/app/schedule/rotate_by_file.js next time will execute after 29965793ms at 2019-07-24 00:00:01.001
